<?xml version="1.0" encoding="UTF-8"?>
<testng-results skipped="0" failed="0" ignored="0" total="1" passed="1">
  <reporter-output>
  </reporter-output>
  <suite name="Default suite" duration-ms="25109" started-at="2019-02-06T18:34:36Z" finished-at="2019-02-06T18:35:01Z">
    <groups>
      <group name="cucumber">
        <method signature="AbstractTestNGCucumberTests.feature(cucumber.api.testng.CucumberFeatureWrapper)[pri:0, instance:cucumberOptions.TestRunner@5f2108b5]" name="feature" class="cucumber.api.testng.AbstractTestNGCucumberTests"/>
      </group> <!-- cucumber -->
    </groups>
    <test name="Default test" duration-ms="25109" started-at="2019-02-06T18:34:36Z" finished-at="2019-02-06T18:35:01Z">
      <class name="cucumberOptions.TestRunner">
        <test-method status="PASS" signature="setUpClass()[pri:0, instance:cucumberOptions.TestRunner@5f2108b5]" name="setUpClass" is-config="true" duration-ms="375" started-at="2019-02-06T18:34:36Z" finished-at="2019-02-06T18:34:36Z">
          <reporter-output>
          </reporter-output>
        </test-method> <!-- setUpClass -->
        <test-method status="PASS" signature="feature(cucumber.api.testng.CucumberFeatureWrapper)[pri:0, instance:cucumberOptions.TestRunner@5f2108b5]" name="feature" duration-ms="24535" started-at="2019-02-06T18:34:36Z" description="Runs Cucumber Feature" data-provider="features" finished-at="2019-02-06T18:35:01Z">
          <params>
            <param index="0">
              <value>
                <![CDATA[Login and verify Trending option into Application]]>
              </value>
            </param>
          </params>
          <reporter-output>
          </reporter-output>
        </test-method> <!-- feature -->
        <test-method status="PASS" signature="tearDownClass()[pri:0, instance:cucumberOptions.TestRunner@5f2108b5]" name="tearDownClass" is-config="true" duration-ms="74" started-at="2019-02-06T18:35:01Z" finished-at="2019-02-06T18:35:01Z">
          <reporter-output>
          </reporter-output>
        </test-method> <!-- tearDownClass -->
      </class> <!-- cucumberOptions.TestRunner -->
    </test> <!-- Default test -->
  </suite> <!-- Default suite -->
</testng-results>
